<?xml version="1.0" encoding="UTF-8"?>
<testng-results ignored="0" total="3" passed="3" failed="0" skipped="0">
  <reporter-output>
  </reporter-output>
  <suite started-at="2022-06-02T14:05:47 CDT" name="Customer Portals" finished-at="2022-06-02T14:06:07 CDT" duration-ms="19993">
    <groups>
      <group name="EasyAPI">
        <method signature="SleepArchTxAppJourneyTest.easyAPIPeek()[pri:2, instance:com.finexio.test.webservices.EasyAPI.SleepArchTxAppJourneyTest@1d6f77d7]" name="easyAPIPeek" class="com.finexio.test.webservices.EasyAPI.SleepArchTxAppJourneyTest"/>
        <method signature="SleepArchTxAppJourneyTest.generateToken()[pri:0, instance:com.finexio.test.webservices.EasyAPI.SleepArchTxAppJourneyTest@1d6f77d7]" name="generateToken" class="com.finexio.test.webservices.EasyAPI.SleepArchTxAppJourneyTest"/>
        <method signature="SleepArchTxAppJourneyTest.startAppln()[pri:1, instance:com.finexio.test.webservices.EasyAPI.SleepArchTxAppJourneyTest@1d6f77d7]" name="startAppln" class="com.finexio.test.webservices.EasyAPI.SleepArchTxAppJourneyTest"/>
      </group> <!-- EasyAPI -->
    </groups>
    <test started-at="2022-06-02T14:05:47 CDT" name="Full App Journey - V2" finished-at="2022-06-02T14:06:07 CDT" duration-ms="19993">
      <class name="com.finexio.test.webservices.EasyAPI.SleepArchTxAppJourneyTest">
        <test-method is-config="true" signature="beforeSuite()[pri:0, instance:com.finexio.test.webservices.EasyAPI.SleepArchTxAppJourneyTest@1d6f77d7]" started-at="2022-06-02T14:05:47 CDT" name="beforeSuite" finished-at="2022-06-02T14:05:47 CDT" duration-ms="110" status="PASS">
          <reporter-output>
          </reporter-output>
        </test-method> <!-- beforeSuite -->
        <test-method is-config="true" signature="getApplicationData()[pri:0, instance:com.finexio.test.webservices.EasyAPI.SleepArchTxAppJourneyTest@1d6f77d7]" started-at="2022-06-02T14:05:48 CDT" name="getApplicationData" finished-at="2022-06-02T14:05:49 CDT" duration-ms="1036" status="PASS">
          <reporter-output>
          </reporter-output>
        </test-method> <!-- getApplicationData -->
        <test-method is-config="true" signature="beforeMethod()[pri:0, instance:com.finexio.test.webservices.EasyAPI.SleepArchTxAppJourneyTest@1d6f77d7]" started-at="2022-06-02T14:05:49 CDT" name="beforeMethod" finished-at="2022-06-02T14:05:49 CDT" duration-ms="6" status="PASS">
          <reporter-output>
          </reporter-output>
        </test-method> <!-- beforeMethod -->
        <test-method signature="generateToken()[pri:0, instance:com.finexio.test.webservices.EasyAPI.SleepArchTxAppJourneyTest@1d6f77d7]" started-at="2022-06-02T14:05:49 CDT" name="generateToken" description="Retrieve an Access Authorization Token" finished-at="2022-06-02T14:05:59 CDT" duration-ms="10062" status="PASS">
          <reporter-output>
          </reporter-output>
        </test-method> <!-- generateToken -->
        <test-method is-config="true" signature="afterMethod(org.testng.ITestResult)[pri:0, instance:com.finexio.test.webservices.EasyAPI.SleepArchTxAppJourneyTest@1d6f77d7]" started-at="2022-06-02T14:05:59 CDT" name="afterMethod" finished-at="2022-06-02T14:05:59 CDT" duration-ms="7" status="PASS">
          <params>
            <param index="0">
              <value>
                <![CDATA[[TestResult name=generateToken status=SUCCESS method=SleepArchTxAppJourneyTest.generateToken()[pri:0, instance:com.finexio.test.webservices.EasyAPI.SleepArchTxAppJourneyTest@1d6f77d7] output={null}]]]>
              </value>
            </param>
          </params>
          <reporter-output>
          </reporter-output>
        </test-method> <!-- afterMethod -->
        <test-method is-config="true" signature="beforeMethod()[pri:0, instance:com.finexio.test.webservices.EasyAPI.SleepArchTxAppJourneyTest@1d6f77d7]" started-at="2022-06-02T14:05:59 CDT" name="beforeMethod" finished-at="2022-06-02T14:05:59 CDT" duration-ms="0" status="PASS">
          <reporter-output>
          </reporter-output>
        </test-method> <!-- beforeMethod -->
        <test-method signature="startAppln()[pri:1, instance:com.finexio.test.webservices.EasyAPI.SleepArchTxAppJourneyTest@1d6f77d7]" started-at="2022-06-02T14:05:59 CDT" name="startAppln" description="EasyAPI Start App" finished-at="2022-06-02T14:06:05 CDT" duration-ms="5219" status="PASS">
          <reporter-output>
          </reporter-output>
        </test-method> <!-- startAppln -->
        <test-method is-config="true" signature="afterMethod(org.testng.ITestResult)[pri:0, instance:com.finexio.test.webservices.EasyAPI.SleepArchTxAppJourneyTest@1d6f77d7]" started-at="2022-06-02T14:06:05 CDT" name="afterMethod" finished-at="2022-06-02T14:06:05 CDT" duration-ms="1" status="PASS">
          <params>
            <param index="0">
              <value>
                <![CDATA[[TestResult name=startAppln status=SUCCESS method=SleepArchTxAppJourneyTest.startAppln()[pri:1, instance:com.finexio.test.webservices.EasyAPI.SleepArchTxAppJourneyTest@1d6f77d7] output={null}]]]>
              </value>
            </param>
          </params>
          <reporter-output>
          </reporter-output>
        </test-method> <!-- afterMethod -->
        <test-method is-config="true" signature="beforeMethod()[pri:0, instance:com.finexio.test.webservices.EasyAPI.SleepArchTxAppJourneyTest@1d6f77d7]" started-at="2022-06-02T14:06:05 CDT" name="beforeMethod" finished-at="2022-06-02T14:06:05 CDT" duration-ms="1" status="PASS">
          <reporter-output>
          </reporter-output>
        </test-method> <!-- beforeMethod -->
        <test-method signature="easyAPIPeek()[pri:2, instance:com.finexio.test.webservices.EasyAPI.SleepArchTxAppJourneyTest@1d6f77d7]" started-at="2022-06-02T14:06:05 CDT" name="easyAPIPeek" description="EasyAPI Application Peek" finished-at="2022-06-02T14:06:06 CDT" duration-ms="1610" status="PASS">
          <reporter-output>
          </reporter-output>
        </test-method> <!-- easyAPIPeek -->
        <test-method is-config="true" signature="afterMethod(org.testng.ITestResult)[pri:0, instance:com.finexio.test.webservices.EasyAPI.SleepArchTxAppJourneyTest@1d6f77d7]" started-at="2022-06-02T14:06:06 CDT" name="afterMethod" finished-at="2022-06-02T14:06:06 CDT" duration-ms="0" status="PASS">
          <params>
            <param index="0">
              <value>
                <![CDATA[[TestResult name=easyAPIPeek status=SUCCESS method=SleepArchTxAppJourneyTest.easyAPIPeek()[pri:2, instance:com.finexio.test.webservices.EasyAPI.SleepArchTxAppJourneyTest@1d6f77d7] output={null}]]]>
              </value>
            </param>
          </params>
          <reporter-output>
          </reporter-output>
        </test-method> <!-- afterMethod -->
        <test-method is-config="true" signature="AfterClass(org.testng.ITestContext)[pri:0, instance:com.finexio.test.webservices.EasyAPI.SleepArchTxAppJourneyTest@1d6f77d7]" started-at="2022-06-02T14:06:06 CDT" name="AfterClass" finished-at="2022-06-02T14:06:07 CDT" duration-ms="1172" status="PASS">
          <params>
            <param index="0">
              <value>
                <![CDATA[org.testng.TestRunner@1008df1e]]>
              </value>
            </param>
          </params>
          <reporter-output>
          </reporter-output>
        </test-method> <!-- AfterClass -->
      </class> <!-- com.finexio.test.webservices.EasyAPI.SleepArchTxAppJourneyTest -->
    </test> <!-- Full App Journey - V2 -->
  </suite> <!-- Customer Portals -->
</testng-results>
