<?xml version="1.0" encoding="UTF-8"?>
<testsuite xmlns:xsi="http://www.w3.org/2001/XMLSchema-instance" xsi:noNamespaceSchemaLocation="https://maven.apache.org/surefire/maven-surefire-plugin/xsd/surefire-test-report-3.0.xsd" version="3.0" name="TestSuite" time="21.945" tests="3" errors="0" skipped="0" failures="0">
  <properties>
[...]
</properties>
  <testcase name="generateToken" classname="com.finexio.test.webservices.EasyAPI.SleepArchTxAppJourneyTest" time="10.07">
    <system-out><![CDATA[Allure environment data saved.
Collecting all Testcases to Update
File TestCaseList.xlsx is deleted.
TestCaseList.xlsx written successfully on disk.
Collecting all Testcases to Update
The Env Tests Running off of is: https://dev-api.gohfd.com/auth/v0
The response recieved from service call /connect/token
{
  "access_token" : "eyJhbGciOiJSU0EtT0FFUCIsImVuYyI6IkEyNTZDQkMtSFM1MTIiLCJraWQiOiIwQTNCMDI5MDdGNzVDQTgxQjg3QzRCRjEyQjAyNzMyMTY1RkY5MEQ3IiwidHlwIjoiYXQrand0In0.D_sXovNbWMBLdOogi_a6eDwHONGF3I_X-EgZFv-gHCKJLQ9p-diOzK0Xn4OCiThE3-uBjPwKkLGI4cADPAjKlGHUdJqZwyH3U38LROG8UTkBASWccVSnNL5iAc7SXhSyUjTLKPDtojLee3HNbOCRckt7TXv1H8UxH6hggusFumKc6W67JpTsTlkkAT9Cd9AtwJY2VPElbTiHARRXH1ZxntUTPURNE0Ttq-RK4Qmr4M0iVevHYagnyXeiEzwl7oirXHE9sT8rhqI00NOzhr41cDKUTj2T1xvmYhj5nme4le7UAQ65d67zfJ6qFj9qIfLfkd1i6gI8xs4CzUFXNNA5XQ.JNdpZqSxEnG-ycYRnA8j3g.0o2WNhTbNy2StHWxPu-ZgAifz0Cadu4W8ZNEyS33P-sTXydXOnyFcSSXMysKX9NHYIJzwxigP04i7bN9tgipbIKfoU2ESmgaWAhnxrJ91m2mckPsYw4VzzZRLILwOhAlZF_67JG4DjGN0Y3piSjoaPawfjZtYSJM9E_vSU-IUz-YhY-CGmI0LqUFwajbUv3ywYQ8WYtvTA03kCnrYEThORgpA2GPOGVSHUFT_N09hHbTWXnx6qpyUQSXYhRZ-9GDQUOi_s-EOIErSTjidHa082pa5hoWT5PxZQ63ev1BvrES9SgWBwO744yZJsHtHH78HPSCnm0m079J050dohK2rpqvS3icmHuVr4BjtgeOd3U3pe3KmBLTmSEHUYWdDbGKdLv6lNpLGCplwCpD1QWe1Hy6tpm5m4eLGCSogpL2gKZUwLmi0-Xqg2fG8V-HlPh1cJAY3bc8rQZUSoztJoTQT8XwQHeRk7f3M3LZQvUqoVmD1FMG2IG9lBTqTRl6s5GWTzO9LQiVh7UPNIJsPh5f83bIn29FnVHTpK7jfZjVBAityyYVgBLGjVEdLVUKCD0MZxmrclsoSqZgwBHBLAeHxVWEHvnz75aePrxGEG803R9V7U-3ipUs52o0QJkJReVKTDEm7y1fK0nRhEg1-3hKul_q2wUV1cpAeEwJv_-1nv5Z_0Nsz5G4g0ZP1BsfPmH4R0QPquK_cDQKNUq7nGiFHIrRhw0SoImnpsLAdnWyUD5MRlw3yAnrZmTBYruw5TasIBvoc5VDbd4kqxNwTkjfdwyxes6Bf7QCbA0SKkIMyRbIYMjDip6FXXEJJl4E5Jv_PcZNz6TpVFQ2USghiaEPjI0zpHM0H0FO95uMC_Nr4cban1kW9KdayFNP0ZFcVMJtp4wnAMgGkOojh4_QTrLvfvepVarkvkF11YusqLA_bphELkLWZ5cdz1VeFmFmM-TaYpa2yWstZRBi80tU1KceQCzi7-KWBb3Vs1TLzX5BJeOXk90W7LyYb8XqchnsmS_qpXLI52fpn09mwboWeQvScuG7HdG2iZ_gE33395j_76Q.iOU67fGZINOSnBXjZSg3d6Aak3-qaVijHgv0TiyZnZs",
  "token_type" : "Bearer",
  "expires_in" : 31535999
}
[INFO ] 2022-06-02 14:05:59.744 [TestNG-tests-1] AssertionUtil - verified that the Status 200 is returned
]]></system-out>
    <system-err><![CDATA[log4j:WARN No appenders could be found for logger (org.apache.http.impl.conn.BasicClientConnectionManager).
log4j:WARN Please initialize the log4j system properly.
]]></system-err>
  </testcase>
  <testcase name="startAppln" classname="com.finexio.test.webservices.EasyAPI.SleepArchTxAppJourneyTest" time="5.223">
    <system-out><![CDATA[passed **********
Collecting all Testcases to Update
The request sent to service /start
{
  "ProviderId" : "15357",
  "Options" : {
    "ShortenUrl" : true,
    "IsTest" : true,
    "DispatchTypes" : [ "SMS", "Email" ],
    "LinkExpirationInDays" : 90
  },
  "ReferenceId" : "AB93802983883",
  "Application" : {
    "Options" : {
      "IsForPrequalification" : true
    },
    "Treatment" : {
      "TotalCost" : 2000
    },
    "Applicants" : [ {
      "Type" : "primary",
      "Address" : {
        "StatoId" : "CA",
        "PostalCode" : "89845",
        "City" : "San Francisco",
        "CountryCode" : "US",
        "StreetLine2" : "Suite 89",
        "StreetLine1" : "89 Lake St"
      },
      "FirstName" : "John",
      "DOB" : "2002-01-04",
      "NationalId" : "123456789",
      "Communications" : [ {
        "Type" : "Email",
        "Priority" : 0,
        "Value" : "qaautomation@healthcarefinancedirect.com"
      }, {
        "Type" : "Mobile",
        "Priority" : 0,
        "Value" : "6615562886"
      } ],
      "LastName" : "Doe",
      "MonthlyIncome" : 1000
    } ]
  }
}
The Env Tests Running off of is: https://dev-api.gohfd.com/app/v0
The response recieved from service call /start
{
  "Result" : {
    "Links" : [ {
      "Url" : "https://tinyurl.com/pnntpt4a",
      "Rel" : "redirect",
      "Action" : "GET"
    }, {
      "Url" : "https://tinyurl.com/pnntpt4a",
      "Rel" : "provider_redirect",
      "Action" : "GET"
    }, {
      "Url" : "app/peek",
      "Rel" : "peek",
      "Action" : "POST"
    }, {
      "Url" : "https://dev-accounts-appservice.azurewebsites.net/5564648",
      "Rel" : "get_account",
      "Action" : "GET"
    } ],
    "Id" : "62990a1851322d2f744d5bcc",
    "Token" : "e10dRNj50nq2nzd3ecbO2AvZaOI4LiKvPePv1YB3EzIfOrIjg44OeyrAPjlTRndQIHn9Gsb2ZGS-j9U-hBAVlLI8tFTygF50ftiEvGB3CIXWaw%7e",
    "Disposition" : "Approved",
    "ApprovalAmount" : 5000,
    "ReferenceId" : "AB93802983883",
    "Expires" : "2022-08-31T19:06:04.3425416+00:00",
    "AccountId" : "5564648"
  }
}
The List of URLS :[redirect, provider_redirect, peek, get_account]
[INFO ] 2022-06-02 14:06:04.925 [TestNG-tests-1] AssertionUtil - verified that the Status 200 is returned
[INFO ] 2022-06-02 14:06:04.986 [TestNG-tests-1] AssertionUtil - verified that the Reference ID AB93802983883 is returned
[INFO ] 2022-06-02 14:06:05.000 [TestNG-tests-1] AssertionUtil - verified that the Disposition Approved is returned
]]></system-out>
  </testcase>
  <testcase name="easyAPIPeek" classname="com.finexio.test.webservices.EasyAPI.SleepArchTxAppJourneyTest" time="1.61">
    <system-out><![CDATA[passed **********
Collecting all Testcases to Update
The request sent to service /peek
{
  "token" : "e10dRNj50nq2nzd3ecbO2AvZaOI4LiKvPePv1YB3EzIfOrIjg44OeyrAPjlTRndQIHn9Gsb2ZGS-j9U-hBAVlLI8tFTygF50ftiEvGB3CIXWaw%7e"
}
The Env Tests Running off of is: https://dev-api.gohfd.com/app/v0
The response recieved from service call /peek
{
  "Result" : {
    "Session" : {
      "ReferenceId" : "AB93802983883",
      "InternalId" : "5564648",
      "Created" : "2022-06-02T19:06:00.9162532+00:00",
      "ProviderId" : "15357",
      "Application" : {
        "PaymentMethods" : [ ],
        "Treatment" : {
          "TotalCost" : 2000,
          "Scheduled" : "2022-06-02T00:00:00+00:00",
          "Services" : [ ]
        },
        "Options" : {
          "IsForPrequalification" : true
        },
        "Applicants" : [ {
          "Type" : "Primary",
          "FirstName" : "John",
          "LastName" : "Doe",
          "DOB" : "2002-01-04T00:00:00",
          "NationalId" : "123456789",
          "Address" : {
            "StreetLine1" : "89 Lake St",
            "StreetLine2" : "Suite 89",
            "City" : "San Francisco",
            "Statoid" : "CA",
            "PostalCode" : "89845"
          },
          "Communications" : [ {
            "Value" : "qaautomation@healthcarefinancedirect.com",
            "Type" : "Email",
            "Priority" : 0
          }, {
            "Value" : "6615562886",
            "Type" : "Mobile",
            "Priority" : 0
          } ],
          "Locale" : "en-us"
        } ],
        "Created" : "2022-06-02T19:06:06.6313087+00:00"
      },
      "Options" : {
        "IsTest" : true,
        "LinkExpirationInDays" : 90,
        "ShortenUrl" : true,
        "Theme" : "HFD"
      }
    }
  }
}
[INFO ] 2022-06-02 14:06:06.594 [TestNG-tests-1] AssertionUtil - verified that the Status 200 is returned
[INFO ] 2022-06-02 14:06:06.614 [TestNG-tests-1] AssertionUtil - verified that the Reference ID AB93802983883 is returned
]]></system-out>
  </testcase>
</testsuite>