<?xml version="1.0" encoding="UTF-8"?>
<!-- Generated by org.testng.reporters.JUnitXMLReporter -->
<testsuite ignored="0" hostname="Ivans-MBP.lan" failures="0" tests="3" name="Full App Journey - V2" time="19.993" errors="0" timestamp="2022-06-02T14:06:07 CDT">
  <testcase classname="com.finexio.test.webservices.EasyAPI.SleepArchTxAppJourneyTest" name="generateToken" time="10.062"/>
  <testcase classname="com.finexio.test.webservices.EasyAPI.SleepArchTxAppJourneyTest" name="startAppln" time="5.219"/>
  <testcase classname="com.finexio.test.webservices.EasyAPI.SleepArchTxAppJourneyTest" name="easyAPIPeek" time="1.61"/>
</testsuite> <!-- Full App Journey - V2 -->
